<?xml version="1.0" encoding="UTF-8"?>
<!-- Generated by org.testng.reporters.JUnitReportReporter -->
<testsuite hostname="IN-PG0351Z8" failures="0" tests="1" name="org.example.StringOperatorCheck" time="0.012" errors="0" timestamp="2025-04-08T22:55:18 IST" skipped="0">
  <testcase classname="org.example.StringOperatorCheck" name="TestAdditionOfStrings" time="0.012"/>
</testsuite> <!-- org.example.StringOperatorCheck -->
