<?xml version="1.0" encoding="UTF-8"?>
<!-- Generated by org.testng.reporters.JUnitReportReporter -->
<testsuite hostname="IN-PG0351Z8" failures="0" tests="2" name="org.example.ArithmeticOperatorCheck" time="0.014" errors="0" timestamp="2025-04-08T22:55:18 IST" skipped="0">
  <testcase classname="org.example.ArithmeticOperatorCheck" name="TestAdditionOfNumbers" time="0.012"/>
  <testcase classname="org.example.ArithmeticOperatorCheck" name="TestDivisionOfNumbers" time="0.002"/>
</testsuite> <!-- org.example.ArithmeticOperatorCheck -->
